<?xml version="1.0" encoding="UTF-8"?>
<testng-results ignored="2" total="4" passed="2" failed="0" skipped="0">
  <reporter-output>
  </reporter-output>
  <suite started-at="2021-10-18T13:35:33Z" name="Suite" finished-at="2021-10-18T13:35:33Z" duration-ms="122">
    <groups>
      <group name="RegionalRegression">
        <method signature="OrgTest.createOrg()[pri:0, instance:com.crm.OrgTest.OrgTest@563e4951]" name="createOrg" class="com.crm.OrgTest.OrgTest"/>
      </group> <!-- RegionalRegression -->
    </groups>
    <test started-at="2021-10-18T13:35:33Z" name="Test" finished-at="2021-10-18T13:35:33Z" duration-ms="122">
      <class name="com.crm.ContactTest.ContactTest">
        <test-method signature="createContact()[pri:0, instance:com.crm.ContactTest.ContactTest@1fd14d74]" started-at="2021-10-18T13:35:33Z" name="createContact" finished-at="2021-10-18T13:35:33Z" duration-ms="27" status="PASS">
          <reporter-output>
          </reporter-output>
        </test-method> <!-- createContact -->
      </class> <!-- com.crm.ContactTest.ContactTest -->
      <class name="com.crm.OrgTest.OrgTest">
        <test-method signature="createOrg()[pri:0, instance:com.crm.OrgTest.OrgTest@563e4951]" started-at="2021-10-18T13:35:33Z" name="createOrg" finished-at="2021-10-18T13:35:33Z" duration-ms="7" status="PASS">
          <reporter-output>
          </reporter-output>
        </test-method> <!-- createOrg -->
      </class> <!-- com.crm.OrgTest.OrgTest -->
    </test> <!-- Test -->
  </suite> <!-- Suite -->
</testng-results>
