<?xml version="1.0" encoding="UTF-8"?>
<!-- Generated by org.testng.reporters.JUnitXMLReporter -->
<testsuite ignored="2" hostname="DELL-1014" failures="0" tests="2" name="Test" time="0.122" errors="0" timestamp="18 Oct 2021 13:35:34 GMT">
  <testcase classname="com.crm.ContactTest.ContactTest" name="createContact" time="0.027"/>
  <testcase classname="com.crm.OrgTest.OrgTest" name="createOrg" time="0.007"/>
  <testcase classname="com.crm.OrgTest.OrgTest" name="deleteOrg" time="0.0">
    <ignored/>
  </testcase> <!-- deleteOrg -->
  <testcase classname="com.crm.ContactTest.ContactTest" name="deleteContact" time="0.0">
    <ignored/>
  </testcase> <!-- deleteContact -->
</testsuite> <!-- Test -->
